e:\vs_gdb\arm\testf411\miniflymaster\project\vs\miniflymaster\visualgdb\debug\miniflymaster.link.rsp
e:\vs_gdb\arm\testf411\miniflymaster\project\vs\miniflymaster\visualgdb\debug\bootloader_f411_v1_1.bin
e:\vs_gdb\arm\testf411\miniflymaster\project\vs\miniflymaster\visualgdb\debug\miniflymaster
e:\vs_gdb\arm\testf411\miniflymaster\project\vs\miniflymaster\miniflymaster\visualgdb\debug\ak8963.o
e:\vs_gdb\arm\testf411\miniflymaster\project\vs\miniflymaster\miniflymaster\visualgdb\debug\anomal_detec.o
e:\vs_gdb\arm\testf411\miniflymaster\project\vs\miniflymaster\miniflymaster\visualgdb\debug\atkp.o
e:\vs_gdb\arm\testf411\miniflymaster\project\vs\miniflymaster\miniflymaster\visualgdb\debug\attitude_pid.o
e:\vs_gdb\arm\testf411\miniflymaster\project\vs\miniflymaster\miniflymaster\visualgdb\debug\bmp280.o
e:\vs_gdb\arm\testf411\miniflymaster\project\vs\miniflymaster\miniflymaster\visualgdb\debug\comm.o
e:\vs_gdb\arm\testf411\miniflymaster\project\vs\miniflymaster\miniflymaster\visualgdb\debug\commander.o
e:\vs_gdb\arm\testf411\miniflymaster\project\vs\miniflymaster\miniflymaster\visualgdb\debug\config_param.o
e:\vs_gdb\arm\testf411\miniflymaster\project\vs\miniflymaster\miniflymaster\visualgdb\debug\console.o
e:\vs_gdb\arm\testf411\miniflymaster\project\vs\miniflymaster\miniflymaster\visualgdb\debug\debug_assert.o
e:\vs_gdb\arm\testf411\miniflymaster\project\vs\miniflymaster\miniflymaster\visualgdb\debug\delay.o
e:\vs_gdb\arm\testf411\miniflymaster\project\vs\miniflymaster\miniflymaster\visualgdb\debug\exti.o
e:\vs_gdb\arm\testf411\miniflymaster\project\vs\miniflymaster\miniflymaster\visualgdb\debug\filter.o
e:\vs_gdb\arm\testf411\miniflymaster\project\vs\miniflymaster\miniflymaster\visualgdb\debug\flip.o
e:\vs_gdb\arm\testf411\miniflymaster\project\vs\miniflymaster\miniflymaster\visualgdb\debug\freertosdebug.o
e:\vs_gdb\arm\testf411\miniflymaster\project\vs\miniflymaster\miniflymaster\visualgdb\debug\heap_4.o
e:\vs_gdb\arm\testf411\miniflymaster\project\vs\miniflymaster\miniflymaster\visualgdb\debug\i2cdev.o
e:\vs_gdb\arm\testf411\miniflymaster\project\vs\miniflymaster\miniflymaster\visualgdb\debug\i2c_drv.o
e:\vs_gdb\arm\testf411\miniflymaster\project\vs\miniflymaster\miniflymaster\visualgdb\debug\iic1.o
e:\vs_gdb\arm\testf411\miniflymaster\project\vs\miniflymaster\miniflymaster\visualgdb\debug\led.o
e:\vs_gdb\arm\testf411\miniflymaster\project\vs\miniflymaster\miniflymaster\visualgdb\debug\ledring12.o
e:\vs_gdb\arm\testf411\miniflymaster\project\vs\miniflymaster\miniflymaster\visualgdb\debug\ledseq.o
e:\vs_gdb\arm\testf411\miniflymaster\project\vs\miniflymaster\miniflymaster\visualgdb\debug\list.o
e:\vs_gdb\arm\testf411\miniflymaster\project\vs\miniflymaster\miniflymaster\visualgdb\debug\main.o
e:\vs_gdb\arm\testf411\miniflymaster\project\vs\miniflymaster\miniflymaster\visualgdb\debug\misc.o
e:\vs_gdb\arm\testf411\miniflymaster\project\vs\miniflymaster\miniflymaster\visualgdb\debug\module_detect.o
e:\vs_gdb\arm\testf411\miniflymaster\project\vs\miniflymaster\miniflymaster\visualgdb\debug\module_mgt.o
e:\vs_gdb\arm\testf411\miniflymaster\project\vs\miniflymaster\miniflymaster\visualgdb\debug\motors.o
e:\vs_gdb\arm\testf411\miniflymaster\project\vs\miniflymaster\miniflymaster\visualgdb\debug\mpu6500.o
e:\vs_gdb\arm\testf411\miniflymaster\project\vs\miniflymaster\miniflymaster\visualgdb\debug\myiic.o
e:\vs_gdb\arm\testf411\miniflymaster\project\vs\miniflymaster\miniflymaster\visualgdb\debug\nvic.o
e:\vs_gdb\arm\testf411\miniflymaster\project\vs\miniflymaster\miniflymaster\visualgdb\debug\pid.o
e:\vs_gdb\arm\testf411\miniflymaster\project\vs\miniflymaster\miniflymaster\visualgdb\debug\pm.o
e:\vs_gdb\arm\testf411\miniflymaster\project\vs\miniflymaster\miniflymaster\visualgdb\debug\port.o
e:\vs_gdb\arm\testf411\miniflymaster\project\vs\miniflymaster\miniflymaster\visualgdb\debug\position_pid.o
e:\vs_gdb\arm\testf411\miniflymaster\project\vs\miniflymaster\miniflymaster\visualgdb\debug\power_control.o
e:\vs_gdb\arm\testf411\miniflymaster\project\vs\miniflymaster\miniflymaster\visualgdb\debug\queue.o
e:\vs_gdb\arm\testf411\miniflymaster\project\vs\miniflymaster\miniflymaster\visualgdb\debug\radiolink.o
e:\vs_gdb\arm\testf411\miniflymaster\project\vs\miniflymaster\miniflymaster\visualgdb\debug\remoter_ctrl.o
e:\vs_gdb\arm\testf411\miniflymaster\project\vs\miniflymaster\miniflymaster\visualgdb\debug\sensfusion6.o
e:\vs_gdb\arm\testf411\miniflymaster\project\vs\miniflymaster\miniflymaster\visualgdb\debug\sensors.o
e:\vs_gdb\arm\testf411\miniflymaster\project\vs\miniflymaster\miniflymaster\visualgdb\debug\stabilizer.o
e:\vs_gdb\arm\testf411\miniflymaster\project\vs\miniflymaster\miniflymaster\visualgdb\debug\startup_stm32f411xe.o
e:\vs_gdb\arm\testf411\miniflymaster\project\vs\miniflymaster\miniflymaster\visualgdb\debug\state_control.o
e:\vs_gdb\arm\testf411\miniflymaster\project\vs\miniflymaster\miniflymaster\visualgdb\debug\state_estimator.o
e:\vs_gdb\arm\testf411\miniflymaster\project\vs\miniflymaster\miniflymaster\visualgdb\debug\stm32f4xx_adc.o
e:\vs_gdb\arm\testf411\miniflymaster\project\vs\miniflymaster\miniflymaster\visualgdb\debug\stm32f4xx_dbgmcu.o
e:\vs_gdb\arm\testf411\miniflymaster\project\vs\miniflymaster\miniflymaster\visualgdb\debug\stm32f4xx_dma.o
e:\vs_gdb\arm\testf411\miniflymaster\project\vs\miniflymaster\miniflymaster\visualgdb\debug\stm32f4xx_exti.o
e:\vs_gdb\arm\testf411\miniflymaster\project\vs\miniflymaster\miniflymaster\visualgdb\debug\stm32f4xx_flash.o
e:\vs_gdb\arm\testf411\miniflymaster\project\vs\miniflymaster\miniflymaster\visualgdb\debug\stm32f4xx_gpio.o
e:\vs_gdb\arm\testf411\miniflymaster\project\vs\miniflymaster\miniflymaster\visualgdb\debug\stm32f4xx_i2c.o
e:\vs_gdb\arm\testf411\miniflymaster\project\vs\miniflymaster\miniflymaster\visualgdb\debug\stm32f4xx_iwdg.o
e:\vs_gdb\arm\testf411\miniflymaster\project\vs\miniflymaster\miniflymaster\visualgdb\debug\stm32f4xx_rcc.o
e:\vs_gdb\arm\testf411\miniflymaster\project\vs\miniflymaster\miniflymaster\visualgdb\debug\stm32f4xx_spi.o
e:\vs_gdb\arm\testf411\miniflymaster\project\vs\miniflymaster\miniflymaster\visualgdb\debug\stm32f4xx_syscfg.o
e:\vs_gdb\arm\testf411\miniflymaster\project\vs\miniflymaster\miniflymaster\visualgdb\debug\stm32f4xx_tim.o
e:\vs_gdb\arm\testf411\miniflymaster\project\vs\miniflymaster\miniflymaster\visualgdb\debug\stm32f4xx_usart.o
e:\vs_gdb\arm\testf411\miniflymaster\project\vs\miniflymaster\miniflymaster\visualgdb\debug\stmflash.o
e:\vs_gdb\arm\testf411\miniflymaster\project\vs\miniflymaster\miniflymaster\visualgdb\debug\sys.o
e:\vs_gdb\arm\testf411\miniflymaster\project\vs\miniflymaster\miniflymaster\visualgdb\debug\system.o
e:\vs_gdb\arm\testf411\miniflymaster\project\vs\miniflymaster\miniflymaster\visualgdb\debug\system_stm32f4xx.o
e:\vs_gdb\arm\testf411\miniflymaster\project\vs\miniflymaster\miniflymaster\visualgdb\debug\tasks.o
e:\vs_gdb\arm\testf411\miniflymaster\project\vs\miniflymaster\miniflymaster\visualgdb\debug\timers.o
e:\vs_gdb\arm\testf411\miniflymaster\project\vs\miniflymaster\miniflymaster\visualgdb\debug\uart1.o
e:\vs_gdb\arm\testf411\miniflymaster\project\vs\miniflymaster\miniflymaster\visualgdb\debug\uart_syslink.o
e:\vs_gdb\arm\testf411\miniflymaster\project\vs\miniflymaster\miniflymaster\visualgdb\debug\usart.o
e:\vs_gdb\arm\testf411\miniflymaster\project\vs\miniflymaster\miniflymaster\visualgdb\debug\usbd_cdc_core.o
e:\vs_gdb\arm\testf411\miniflymaster\project\vs\miniflymaster\miniflymaster\visualgdb\debug\usbd_cdc_vcp.o
e:\vs_gdb\arm\testf411\miniflymaster\project\vs\miniflymaster\miniflymaster\visualgdb\debug\usbd_core.o
e:\vs_gdb\arm\testf411\miniflymaster\project\vs\miniflymaster\miniflymaster\visualgdb\debug\usbd_desc.o
e:\vs_gdb\arm\testf411\miniflymaster\project\vs\miniflymaster\miniflymaster\visualgdb\debug\usbd_ioreq.o
e:\vs_gdb\arm\testf411\miniflymaster\project\vs\miniflymaster\miniflymaster\visualgdb\debug\usbd_req.o
e:\vs_gdb\arm\testf411\miniflymaster\project\vs\miniflymaster\miniflymaster\visualgdb\debug\usbd_usr.o
e:\vs_gdb\arm\testf411\miniflymaster\project\vs\miniflymaster\miniflymaster\visualgdb\debug\usblink.o
e:\vs_gdb\arm\testf411\miniflymaster\project\vs\miniflymaster\miniflymaster\visualgdb\debug\usb_bsp.o
e:\vs_gdb\arm\testf411\miniflymaster\project\vs\miniflymaster\miniflymaster\visualgdb\debug\usb_core.o
e:\vs_gdb\arm\testf411\miniflymaster\project\vs\miniflymaster\miniflymaster\visualgdb\debug\usb_dcd.o
e:\vs_gdb\arm\testf411\miniflymaster\project\vs\miniflymaster\miniflymaster\visualgdb\debug\usb_dcd_int.o
e:\vs_gdb\arm\testf411\miniflymaster\project\vs\miniflymaster\miniflymaster\visualgdb\debug\watchdog.o
e:\vs_gdb\arm\testf411\miniflymaster\project\vs\miniflymaster\miniflymaster\visualgdb\debug\wifi_ctrl.o
e:\vs_gdb\arm\testf411\miniflymaster\project\vs\miniflymaster\miniflymaster\visualgdb\debug\ws2812.o
e:\vs_gdb\arm\testf411\miniflymaster\project\vs\miniflymaster\miniflymaster\visualgdb\debug\ak8963.dep
e:\vs_gdb\arm\testf411\miniflymaster\project\vs\miniflymaster\miniflymaster\visualgdb\debug\anomal_detec.dep
e:\vs_gdb\arm\testf411\miniflymaster\project\vs\miniflymaster\miniflymaster\visualgdb\debug\atkp.dep
e:\vs_gdb\arm\testf411\miniflymaster\project\vs\miniflymaster\miniflymaster\visualgdb\debug\attitude_pid.dep
e:\vs_gdb\arm\testf411\miniflymaster\project\vs\miniflymaster\miniflymaster\visualgdb\debug\bmp280.dep
e:\vs_gdb\arm\testf411\miniflymaster\project\vs\miniflymaster\miniflymaster\visualgdb\debug\comm.dep
e:\vs_gdb\arm\testf411\miniflymaster\project\vs\miniflymaster\miniflymaster\visualgdb\debug\commander.dep
e:\vs_gdb\arm\testf411\miniflymaster\project\vs\miniflymaster\miniflymaster\visualgdb\debug\config_param.dep
e:\vs_gdb\arm\testf411\miniflymaster\project\vs\miniflymaster\miniflymaster\visualgdb\debug\console.dep
e:\vs_gdb\arm\testf411\miniflymaster\project\vs\miniflymaster\miniflymaster\visualgdb\debug\debug_assert.dep
e:\vs_gdb\arm\testf411\miniflymaster\project\vs\miniflymaster\miniflymaster\visualgdb\debug\delay.dep
e:\vs_gdb\arm\testf411\miniflymaster\project\vs\miniflymaster\miniflymaster\visualgdb\debug\exti.dep
e:\vs_gdb\arm\testf411\miniflymaster\project\vs\miniflymaster\miniflymaster\visualgdb\debug\filter.dep
e:\vs_gdb\arm\testf411\miniflymaster\project\vs\miniflymaster\miniflymaster\visualgdb\debug\flip.dep
e:\vs_gdb\arm\testf411\miniflymaster\project\vs\miniflymaster\miniflymaster\visualgdb\debug\freertosdebug.dep
e:\vs_gdb\arm\testf411\miniflymaster\project\vs\miniflymaster\miniflymaster\visualgdb\debug\heap_4.dep
e:\vs_gdb\arm\testf411\miniflymaster\project\vs\miniflymaster\miniflymaster\visualgdb\debug\i2cdev.dep
e:\vs_gdb\arm\testf411\miniflymaster\project\vs\miniflymaster\miniflymaster\visualgdb\debug\i2c_drv.dep
e:\vs_gdb\arm\testf411\miniflymaster\project\vs\miniflymaster\miniflymaster\visualgdb\debug\iic1.dep
e:\vs_gdb\arm\testf411\miniflymaster\project\vs\miniflymaster\miniflymaster\visualgdb\debug\led.dep
e:\vs_gdb\arm\testf411\miniflymaster\project\vs\miniflymaster\miniflymaster\visualgdb\debug\ledring12.dep
e:\vs_gdb\arm\testf411\miniflymaster\project\vs\miniflymaster\miniflymaster\visualgdb\debug\ledseq.dep
e:\vs_gdb\arm\testf411\miniflymaster\project\vs\miniflymaster\miniflymaster\visualgdb\debug\list.dep
e:\vs_gdb\arm\testf411\miniflymaster\project\vs\miniflymaster\miniflymaster\visualgdb\debug\main.dep
e:\vs_gdb\arm\testf411\miniflymaster\project\vs\miniflymaster\miniflymaster\visualgdb\debug\misc.dep
e:\vs_gdb\arm\testf411\miniflymaster\project\vs\miniflymaster\miniflymaster\visualgdb\debug\module_detect.dep
e:\vs_gdb\arm\testf411\miniflymaster\project\vs\miniflymaster\miniflymaster\visualgdb\debug\module_mgt.dep
e:\vs_gdb\arm\testf411\miniflymaster\project\vs\miniflymaster\miniflymaster\visualgdb\debug\motors.dep
e:\vs_gdb\arm\testf411\miniflymaster\project\vs\miniflymaster\miniflymaster\visualgdb\debug\mpu6500.dep
e:\vs_gdb\arm\testf411\miniflymaster\project\vs\miniflymaster\miniflymaster\visualgdb\debug\myiic.dep
e:\vs_gdb\arm\testf411\miniflymaster\project\vs\miniflymaster\miniflymaster\visualgdb\debug\nvic.dep
e:\vs_gdb\arm\testf411\miniflymaster\project\vs\miniflymaster\miniflymaster\visualgdb\debug\pid.dep
e:\vs_gdb\arm\testf411\miniflymaster\project\vs\miniflymaster\miniflymaster\visualgdb\debug\pm.dep
e:\vs_gdb\arm\testf411\miniflymaster\project\vs\miniflymaster\miniflymaster\visualgdb\debug\port.dep
e:\vs_gdb\arm\testf411\miniflymaster\project\vs\miniflymaster\miniflymaster\visualgdb\debug\position_pid.dep
e:\vs_gdb\arm\testf411\miniflymaster\project\vs\miniflymaster\miniflymaster\visualgdb\debug\power_control.dep
e:\vs_gdb\arm\testf411\miniflymaster\project\vs\miniflymaster\miniflymaster\visualgdb\debug\queue.dep
e:\vs_gdb\arm\testf411\miniflymaster\project\vs\miniflymaster\miniflymaster\visualgdb\debug\radiolink.dep
e:\vs_gdb\arm\testf411\miniflymaster\project\vs\miniflymaster\miniflymaster\visualgdb\debug\remoter_ctrl.dep
e:\vs_gdb\arm\testf411\miniflymaster\project\vs\miniflymaster\miniflymaster\visualgdb\debug\sensfusion6.dep
e:\vs_gdb\arm\testf411\miniflymaster\project\vs\miniflymaster\miniflymaster\visualgdb\debug\sensors.dep
e:\vs_gdb\arm\testf411\miniflymaster\project\vs\miniflymaster\miniflymaster\visualgdb\debug\stabilizer.dep
e:\vs_gdb\arm\testf411\miniflymaster\project\vs\miniflymaster\miniflymaster\visualgdb\debug\startup_stm32f411xe.dep
e:\vs_gdb\arm\testf411\miniflymaster\project\vs\miniflymaster\miniflymaster\visualgdb\debug\state_control.dep
e:\vs_gdb\arm\testf411\miniflymaster\project\vs\miniflymaster\miniflymaster\visualgdb\debug\state_estimator.dep
e:\vs_gdb\arm\testf411\miniflymaster\project\vs\miniflymaster\miniflymaster\visualgdb\debug\stm32f4xx_adc.dep
e:\vs_gdb\arm\testf411\miniflymaster\project\vs\miniflymaster\miniflymaster\visualgdb\debug\stm32f4xx_dbgmcu.dep
e:\vs_gdb\arm\testf411\miniflymaster\project\vs\miniflymaster\miniflymaster\visualgdb\debug\stm32f4xx_dma.dep
e:\vs_gdb\arm\testf411\miniflymaster\project\vs\miniflymaster\miniflymaster\visualgdb\debug\stm32f4xx_exti.dep
e:\vs_gdb\arm\testf411\miniflymaster\project\vs\miniflymaster\miniflymaster\visualgdb\debug\stm32f4xx_flash.dep
e:\vs_gdb\arm\testf411\miniflymaster\project\vs\miniflymaster\miniflymaster\visualgdb\debug\stm32f4xx_gpio.dep
e:\vs_gdb\arm\testf411\miniflymaster\project\vs\miniflymaster\miniflymaster\visualgdb\debug\stm32f4xx_i2c.dep
e:\vs_gdb\arm\testf411\miniflymaster\project\vs\miniflymaster\miniflymaster\visualgdb\debug\stm32f4xx_iwdg.dep
e:\vs_gdb\arm\testf411\miniflymaster\project\vs\miniflymaster\miniflymaster\visualgdb\debug\stm32f4xx_rcc.dep
e:\vs_gdb\arm\testf411\miniflymaster\project\vs\miniflymaster\miniflymaster\visualgdb\debug\stm32f4xx_spi.dep
e:\vs_gdb\arm\testf411\miniflymaster\project\vs\miniflymaster\miniflymaster\visualgdb\debug\stm32f4xx_syscfg.dep
e:\vs_gdb\arm\testf411\miniflymaster\project\vs\miniflymaster\miniflymaster\visualgdb\debug\stm32f4xx_tim.dep
e:\vs_gdb\arm\testf411\miniflymaster\project\vs\miniflymaster\miniflymaster\visualgdb\debug\stm32f4xx_usart.dep
e:\vs_gdb\arm\testf411\miniflymaster\project\vs\miniflymaster\miniflymaster\visualgdb\debug\stmflash.dep
e:\vs_gdb\arm\testf411\miniflymaster\project\vs\miniflymaster\miniflymaster\visualgdb\debug\sys.dep
e:\vs_gdb\arm\testf411\miniflymaster\project\vs\miniflymaster\miniflymaster\visualgdb\debug\system.dep
e:\vs_gdb\arm\testf411\miniflymaster\project\vs\miniflymaster\miniflymaster\visualgdb\debug\system_stm32f4xx.dep
e:\vs_gdb\arm\testf411\miniflymaster\project\vs\miniflymaster\miniflymaster\visualgdb\debug\tasks.dep
e:\vs_gdb\arm\testf411\miniflymaster\project\vs\miniflymaster\miniflymaster\visualgdb\debug\timers.dep
e:\vs_gdb\arm\testf411\miniflymaster\project\vs\miniflymaster\miniflymaster\visualgdb\debug\uart1.dep
e:\vs_gdb\arm\testf411\miniflymaster\project\vs\miniflymaster\miniflymaster\visualgdb\debug\uart_syslink.dep
e:\vs_gdb\arm\testf411\miniflymaster\project\vs\miniflymaster\miniflymaster\visualgdb\debug\usart.dep
e:\vs_gdb\arm\testf411\miniflymaster\project\vs\miniflymaster\miniflymaster\visualgdb\debug\usbd_cdc_core.dep
e:\vs_gdb\arm\testf411\miniflymaster\project\vs\miniflymaster\miniflymaster\visualgdb\debug\usbd_cdc_vcp.dep
e:\vs_gdb\arm\testf411\miniflymaster\project\vs\miniflymaster\miniflymaster\visualgdb\debug\usbd_core.dep
e:\vs_gdb\arm\testf411\miniflymaster\project\vs\miniflymaster\miniflymaster\visualgdb\debug\usbd_desc.dep
e:\vs_gdb\arm\testf411\miniflymaster\project\vs\miniflymaster\miniflymaster\visualgdb\debug\usbd_ioreq.dep
e:\vs_gdb\arm\testf411\miniflymaster\project\vs\miniflymaster\miniflymaster\visualgdb\debug\usbd_req.dep
e:\vs_gdb\arm\testf411\miniflymaster\project\vs\miniflymaster\miniflymaster\visualgdb\debug\usbd_usr.dep
e:\vs_gdb\arm\testf411\miniflymaster\project\vs\miniflymaster\miniflymaster\visualgdb\debug\usblink.dep
e:\vs_gdb\arm\testf411\miniflymaster\project\vs\miniflymaster\miniflymaster\visualgdb\debug\usb_bsp.dep
e:\vs_gdb\arm\testf411\miniflymaster\project\vs\miniflymaster\miniflymaster\visualgdb\debug\usb_core.dep
e:\vs_gdb\arm\testf411\miniflymaster\project\vs\miniflymaster\miniflymaster\visualgdb\debug\usb_dcd.dep
e:\vs_gdb\arm\testf411\miniflymaster\project\vs\miniflymaster\miniflymaster\visualgdb\debug\usb_dcd_int.dep
e:\vs_gdb\arm\testf411\miniflymaster\project\vs\miniflymaster\miniflymaster\visualgdb\debug\watchdog.dep
e:\vs_gdb\arm\testf411\miniflymaster\project\vs\miniflymaster\miniflymaster\visualgdb\debug\wifi_ctrl.dep
e:\vs_gdb\arm\testf411\miniflymaster\project\vs\miniflymaster\miniflymaster\visualgdb\debug\ws2812.dep
e:\vs_gdb\arm\testf411\miniflymaster\project\vs\miniflymaster\miniflymaster\visualgdb\debug\ak8963.gcc.rsp
e:\vs_gdb\arm\testf411\miniflymaster\project\vs\miniflymaster\miniflymaster\visualgdb\debug\anomal_detec.gcc.rsp
e:\vs_gdb\arm\testf411\miniflymaster\project\vs\miniflymaster\miniflymaster\visualgdb\debug\atkp.gcc.rsp
e:\vs_gdb\arm\testf411\miniflymaster\project\vs\miniflymaster\miniflymaster\visualgdb\debug\attitude_pid.gcc.rsp
e:\vs_gdb\arm\testf411\miniflymaster\project\vs\miniflymaster\miniflymaster\visualgdb\debug\bmp280.gcc.rsp
e:\vs_gdb\arm\testf411\miniflymaster\project\vs\miniflymaster\miniflymaster\visualgdb\debug\comm.gcc.rsp
e:\vs_gdb\arm\testf411\miniflymaster\project\vs\miniflymaster\miniflymaster\visualgdb\debug\commander.gcc.rsp
e:\vs_gdb\arm\testf411\miniflymaster\project\vs\miniflymaster\miniflymaster\visualgdb\debug\config_param.gcc.rsp
e:\vs_gdb\arm\testf411\miniflymaster\project\vs\miniflymaster\miniflymaster\visualgdb\debug\console.gcc.rsp
e:\vs_gdb\arm\testf411\miniflymaster\project\vs\miniflymaster\miniflymaster\visualgdb\debug\debug_assert.gcc.rsp
e:\vs_gdb\arm\testf411\miniflymaster\project\vs\miniflymaster\miniflymaster\visualgdb\debug\delay.gcc.rsp
e:\vs_gdb\arm\testf411\miniflymaster\project\vs\miniflymaster\miniflymaster\visualgdb\debug\exti.gcc.rsp
e:\vs_gdb\arm\testf411\miniflymaster\project\vs\miniflymaster\miniflymaster\visualgdb\debug\filter.gcc.rsp
e:\vs_gdb\arm\testf411\miniflymaster\project\vs\miniflymaster\miniflymaster\visualgdb\debug\flip.gcc.rsp
e:\vs_gdb\arm\testf411\miniflymaster\project\vs\miniflymaster\miniflymaster\visualgdb\debug\freertosdebug.gcc.rsp
e:\vs_gdb\arm\testf411\miniflymaster\project\vs\miniflymaster\miniflymaster\visualgdb\debug\heap_4.gcc.rsp
e:\vs_gdb\arm\testf411\miniflymaster\project\vs\miniflymaster\miniflymaster\visualgdb\debug\i2cdev.gcc.rsp
e:\vs_gdb\arm\testf411\miniflymaster\project\vs\miniflymaster\miniflymaster\visualgdb\debug\i2c_drv.gcc.rsp
e:\vs_gdb\arm\testf411\miniflymaster\project\vs\miniflymaster\miniflymaster\visualgdb\debug\iic1.gcc.rsp
e:\vs_gdb\arm\testf411\miniflymaster\project\vs\miniflymaster\miniflymaster\visualgdb\debug\led.gcc.rsp
e:\vs_gdb\arm\testf411\miniflymaster\project\vs\miniflymaster\miniflymaster\visualgdb\debug\ledring12.gcc.rsp
e:\vs_gdb\arm\testf411\miniflymaster\project\vs\miniflymaster\miniflymaster\visualgdb\debug\ledseq.gcc.rsp
e:\vs_gdb\arm\testf411\miniflymaster\project\vs\miniflymaster\miniflymaster\visualgdb\debug\list.gcc.rsp
e:\vs_gdb\arm\testf411\miniflymaster\project\vs\miniflymaster\miniflymaster\visualgdb\debug\main.gcc.rsp
e:\vs_gdb\arm\testf411\miniflymaster\project\vs\miniflymaster\miniflymaster\visualgdb\debug\misc.gcc.rsp
e:\vs_gdb\arm\testf411\miniflymaster\project\vs\miniflymaster\miniflymaster\visualgdb\debug\module_detect.gcc.rsp
e:\vs_gdb\arm\testf411\miniflymaster\project\vs\miniflymaster\miniflymaster\visualgdb\debug\module_mgt.gcc.rsp
e:\vs_gdb\arm\testf411\miniflymaster\project\vs\miniflymaster\miniflymaster\visualgdb\debug\motors.gcc.rsp
e:\vs_gdb\arm\testf411\miniflymaster\project\vs\miniflymaster\miniflymaster\visualgdb\debug\mpu6500.gcc.rsp
e:\vs_gdb\arm\testf411\miniflymaster\project\vs\miniflymaster\miniflymaster\visualgdb\debug\myiic.gcc.rsp
e:\vs_gdb\arm\testf411\miniflymaster\project\vs\miniflymaster\miniflymaster\visualgdb\debug\nvic.gcc.rsp
e:\vs_gdb\arm\testf411\miniflymaster\project\vs\miniflymaster\miniflymaster\visualgdb\debug\pid.gcc.rsp
e:\vs_gdb\arm\testf411\miniflymaster\project\vs\miniflymaster\miniflymaster\visualgdb\debug\pm.gcc.rsp
e:\vs_gdb\arm\testf411\miniflymaster\project\vs\miniflymaster\miniflymaster\visualgdb\debug\port.gcc.rsp
e:\vs_gdb\arm\testf411\miniflymaster\project\vs\miniflymaster\miniflymaster\visualgdb\debug\position_pid.gcc.rsp
e:\vs_gdb\arm\testf411\miniflymaster\project\vs\miniflymaster\miniflymaster\visualgdb\debug\power_control.gcc.rsp
e:\vs_gdb\arm\testf411\miniflymaster\project\vs\miniflymaster\miniflymaster\visualgdb\debug\queue.gcc.rsp
e:\vs_gdb\arm\testf411\miniflymaster\project\vs\miniflymaster\miniflymaster\visualgdb\debug\radiolink.gcc.rsp
e:\vs_gdb\arm\testf411\miniflymaster\project\vs\miniflymaster\miniflymaster\visualgdb\debug\remoter_ctrl.gcc.rsp
e:\vs_gdb\arm\testf411\miniflymaster\project\vs\miniflymaster\miniflymaster\visualgdb\debug\sensfusion6.gcc.rsp
e:\vs_gdb\arm\testf411\miniflymaster\project\vs\miniflymaster\miniflymaster\visualgdb\debug\sensors.gcc.rsp
e:\vs_gdb\arm\testf411\miniflymaster\project\vs\miniflymaster\miniflymaster\visualgdb\debug\stabilizer.gcc.rsp
e:\vs_gdb\arm\testf411\miniflymaster\project\vs\miniflymaster\miniflymaster\visualgdb\debug\startup_stm32f411xe.gcc.rsp
e:\vs_gdb\arm\testf411\miniflymaster\project\vs\miniflymaster\miniflymaster\visualgdb\debug\state_control.gcc.rsp
e:\vs_gdb\arm\testf411\miniflymaster\project\vs\miniflymaster\miniflymaster\visualgdb\debug\state_estimator.gcc.rsp
e:\vs_gdb\arm\testf411\miniflymaster\project\vs\miniflymaster\miniflymaster\visualgdb\debug\stm32f4xx_adc.gcc.rsp
e:\vs_gdb\arm\testf411\miniflymaster\project\vs\miniflymaster\miniflymaster\visualgdb\debug\stm32f4xx_dbgmcu.gcc.rsp
e:\vs_gdb\arm\testf411\miniflymaster\project\vs\miniflymaster\miniflymaster\visualgdb\debug\stm32f4xx_dma.gcc.rsp
e:\vs_gdb\arm\testf411\miniflymaster\project\vs\miniflymaster\miniflymaster\visualgdb\debug\stm32f4xx_exti.gcc.rsp
e:\vs_gdb\arm\testf411\miniflymaster\project\vs\miniflymaster\miniflymaster\visualgdb\debug\stm32f4xx_flash.gcc.rsp
e:\vs_gdb\arm\testf411\miniflymaster\project\vs\miniflymaster\miniflymaster\visualgdb\debug\stm32f4xx_gpio.gcc.rsp
e:\vs_gdb\arm\testf411\miniflymaster\project\vs\miniflymaster\miniflymaster\visualgdb\debug\stm32f4xx_i2c.gcc.rsp
e:\vs_gdb\arm\testf411\miniflymaster\project\vs\miniflymaster\miniflymaster\visualgdb\debug\stm32f4xx_iwdg.gcc.rsp
e:\vs_gdb\arm\testf411\miniflymaster\project\vs\miniflymaster\miniflymaster\visualgdb\debug\stm32f4xx_rcc.gcc.rsp
e:\vs_gdb\arm\testf411\miniflymaster\project\vs\miniflymaster\miniflymaster\visualgdb\debug\stm32f4xx_spi.gcc.rsp
e:\vs_gdb\arm\testf411\miniflymaster\project\vs\miniflymaster\miniflymaster\visualgdb\debug\stm32f4xx_syscfg.gcc.rsp
e:\vs_gdb\arm\testf411\miniflymaster\project\vs\miniflymaster\miniflymaster\visualgdb\debug\stm32f4xx_tim.gcc.rsp
e:\vs_gdb\arm\testf411\miniflymaster\project\vs\miniflymaster\miniflymaster\visualgdb\debug\stm32f4xx_usart.gcc.rsp
e:\vs_gdb\arm\testf411\miniflymaster\project\vs\miniflymaster\miniflymaster\visualgdb\debug\stmflash.gcc.rsp
e:\vs_gdb\arm\testf411\miniflymaster\project\vs\miniflymaster\miniflymaster\visualgdb\debug\sys.gcc.rsp
e:\vs_gdb\arm\testf411\miniflymaster\project\vs\miniflymaster\miniflymaster\visualgdb\debug\system.gcc.rsp
e:\vs_gdb\arm\testf411\miniflymaster\project\vs\miniflymaster\miniflymaster\visualgdb\debug\system_stm32f4xx.gcc.rsp
e:\vs_gdb\arm\testf411\miniflymaster\project\vs\miniflymaster\miniflymaster\visualgdb\debug\tasks.gcc.rsp
e:\vs_gdb\arm\testf411\miniflymaster\project\vs\miniflymaster\miniflymaster\visualgdb\debug\timers.gcc.rsp
e:\vs_gdb\arm\testf411\miniflymaster\project\vs\miniflymaster\miniflymaster\visualgdb\debug\uart1.gcc.rsp
e:\vs_gdb\arm\testf411\miniflymaster\project\vs\miniflymaster\miniflymaster\visualgdb\debug\uart_syslink.gcc.rsp
e:\vs_gdb\arm\testf411\miniflymaster\project\vs\miniflymaster\miniflymaster\visualgdb\debug\usart.gcc.rsp
e:\vs_gdb\arm\testf411\miniflymaster\project\vs\miniflymaster\miniflymaster\visualgdb\debug\usbd_cdc_core.gcc.rsp
e:\vs_gdb\arm\testf411\miniflymaster\project\vs\miniflymaster\miniflymaster\visualgdb\debug\usbd_cdc_vcp.gcc.rsp
e:\vs_gdb\arm\testf411\miniflymaster\project\vs\miniflymaster\miniflymaster\visualgdb\debug\usbd_core.gcc.rsp
e:\vs_gdb\arm\testf411\miniflymaster\project\vs\miniflymaster\miniflymaster\visualgdb\debug\usbd_desc.gcc.rsp
e:\vs_gdb\arm\testf411\miniflymaster\project\vs\miniflymaster\miniflymaster\visualgdb\debug\usbd_ioreq.gcc.rsp
e:\vs_gdb\arm\testf411\miniflymaster\project\vs\miniflymaster\miniflymaster\visualgdb\debug\usbd_req.gcc.rsp
e:\vs_gdb\arm\testf411\miniflymaster\project\vs\miniflymaster\miniflymaster\visualgdb\debug\usbd_usr.gcc.rsp
e:\vs_gdb\arm\testf411\miniflymaster\project\vs\miniflymaster\miniflymaster\visualgdb\debug\usblink.gcc.rsp
e:\vs_gdb\arm\testf411\miniflymaster\project\vs\miniflymaster\miniflymaster\visualgdb\debug\usb_bsp.gcc.rsp
e:\vs_gdb\arm\testf411\miniflymaster\project\vs\miniflymaster\miniflymaster\visualgdb\debug\usb_core.gcc.rsp
e:\vs_gdb\arm\testf411\miniflymaster\project\vs\miniflymaster\miniflymaster\visualgdb\debug\usb_dcd.gcc.rsp
e:\vs_gdb\arm\testf411\miniflymaster\project\vs\miniflymaster\miniflymaster\visualgdb\debug\usb_dcd_int.gcc.rsp
e:\vs_gdb\arm\testf411\miniflymaster\project\vs\miniflymaster\miniflymaster\visualgdb\debug\watchdog.gcc.rsp
e:\vs_gdb\arm\testf411\miniflymaster\project\vs\miniflymaster\miniflymaster\visualgdb\debug\wifi_ctrl.gcc.rsp
e:\vs_gdb\arm\testf411\miniflymaster\project\vs\miniflymaster\miniflymaster\visualgdb\debug\ws2812.gcc.rsp
e:\vs_gdb\arm\testf411\miniflymaster\project\vs\miniflymaster\miniflymaster\visualgdb\debug\miniflymaster.alldeps
