e:\vs_gdb\arm\testf411\miniflymaster\project\vs\miniflymaster\visualgdb\debug\bootloader_f411_v1_1.link.rsp
e:\vs_gdb\arm\testf411\miniflymaster\project\vs\miniflymaster\visualgdb\debug\bootloader_f411_v1_1.bin
e:\vs_gdb\arm\testf411\miniflymaster\project\vs\miniflymaster\visualgdb\debug\miniflymaster.bin
e:\vs_gdb\arm\testf411\miniflymaster\project\vs\miniflymaster\visualgdb\debug\bootloader_f411_v1_1
e:\vs_gdb\arm\testf411\miniflymaster\project\vs\miniflymaster\bootloader_f411_v1_1\visualgdb\debug\check.o
e:\vs_gdb\arm\testf411\miniflymaster\project\vs\miniflymaster\bootloader_f411_v1_1\visualgdb\debug\delay.o
e:\vs_gdb\arm\testf411\miniflymaster\project\vs\miniflymaster\bootloader_f411_v1_1\visualgdb\debug\iap.o
e:\vs_gdb\arm\testf411\miniflymaster\project\vs\miniflymaster\bootloader_f411_v1_1\visualgdb\debug\led.o
e:\vs_gdb\arm\testf411\miniflymaster\project\vs\miniflymaster\bootloader_f411_v1_1\visualgdb\debug\main.o
e:\vs_gdb\arm\testf411\miniflymaster\project\vs\miniflymaster\bootloader_f411_v1_1\visualgdb\debug\misc.o
e:\vs_gdb\arm\testf411\miniflymaster\project\vs\miniflymaster\bootloader_f411_v1_1\visualgdb\debug\protocol.o
e:\vs_gdb\arm\testf411\miniflymaster\project\vs\miniflymaster\bootloader_f411_v1_1\visualgdb\debug\startup_stm32f411xe.o
e:\vs_gdb\arm\testf411\miniflymaster\project\vs\miniflymaster\bootloader_f411_v1_1\visualgdb\debug\stm32f4xx_flash.o
e:\vs_gdb\arm\testf411\miniflymaster\project\vs\miniflymaster\bootloader_f411_v1_1\visualgdb\debug\stm32f4xx_gpio.o
e:\vs_gdb\arm\testf411\miniflymaster\project\vs\miniflymaster\bootloader_f411_v1_1\visualgdb\debug\stm32f4xx_it.o
e:\vs_gdb\arm\testf411\miniflymaster\project\vs\miniflymaster\bootloader_f411_v1_1\visualgdb\debug\stm32f4xx_rcc.o
e:\vs_gdb\arm\testf411\miniflymaster\project\vs\miniflymaster\bootloader_f411_v1_1\visualgdb\debug\stm32f4xx_usart.o
e:\vs_gdb\arm\testf411\miniflymaster\project\vs\miniflymaster\bootloader_f411_v1_1\visualgdb\debug\stmflash.o
e:\vs_gdb\arm\testf411\miniflymaster\project\vs\miniflymaster\bootloader_f411_v1_1\visualgdb\debug\sys.o
e:\vs_gdb\arm\testf411\miniflymaster\project\vs\miniflymaster\bootloader_f411_v1_1\visualgdb\debug\system_stm32f4xx.o
e:\vs_gdb\arm\testf411\miniflymaster\project\vs\miniflymaster\bootloader_f411_v1_1\visualgdb\debug\usbd_cdc_core.o
e:\vs_gdb\arm\testf411\miniflymaster\project\vs\miniflymaster\bootloader_f411_v1_1\visualgdb\debug\usbd_cdc_vcp.o
e:\vs_gdb\arm\testf411\miniflymaster\project\vs\miniflymaster\bootloader_f411_v1_1\visualgdb\debug\usbd_core.o
e:\vs_gdb\arm\testf411\miniflymaster\project\vs\miniflymaster\bootloader_f411_v1_1\visualgdb\debug\usbd_desc.o
e:\vs_gdb\arm\testf411\miniflymaster\project\vs\miniflymaster\bootloader_f411_v1_1\visualgdb\debug\usbd_ioreq.o
e:\vs_gdb\arm\testf411\miniflymaster\project\vs\miniflymaster\bootloader_f411_v1_1\visualgdb\debug\usbd_req.o
e:\vs_gdb\arm\testf411\miniflymaster\project\vs\miniflymaster\bootloader_f411_v1_1\visualgdb\debug\usbd_usr.o
e:\vs_gdb\arm\testf411\miniflymaster\project\vs\miniflymaster\bootloader_f411_v1_1\visualgdb\debug\usb_bsp.o
e:\vs_gdb\arm\testf411\miniflymaster\project\vs\miniflymaster\bootloader_f411_v1_1\visualgdb\debug\usb_core.o
e:\vs_gdb\arm\testf411\miniflymaster\project\vs\miniflymaster\bootloader_f411_v1_1\visualgdb\debug\usb_dcd.o
e:\vs_gdb\arm\testf411\miniflymaster\project\vs\miniflymaster\bootloader_f411_v1_1\visualgdb\debug\usb_dcd_int.o
e:\vs_gdb\arm\testf411\miniflymaster\project\vs\miniflymaster\bootloader_f411_v1_1\visualgdb\debug\check.dep
e:\vs_gdb\arm\testf411\miniflymaster\project\vs\miniflymaster\bootloader_f411_v1_1\visualgdb\debug\delay.dep
e:\vs_gdb\arm\testf411\miniflymaster\project\vs\miniflymaster\bootloader_f411_v1_1\visualgdb\debug\iap.dep
e:\vs_gdb\arm\testf411\miniflymaster\project\vs\miniflymaster\bootloader_f411_v1_1\visualgdb\debug\led.dep
e:\vs_gdb\arm\testf411\miniflymaster\project\vs\miniflymaster\bootloader_f411_v1_1\visualgdb\debug\main.dep
e:\vs_gdb\arm\testf411\miniflymaster\project\vs\miniflymaster\bootloader_f411_v1_1\visualgdb\debug\misc.dep
e:\vs_gdb\arm\testf411\miniflymaster\project\vs\miniflymaster\bootloader_f411_v1_1\visualgdb\debug\protocol.dep
e:\vs_gdb\arm\testf411\miniflymaster\project\vs\miniflymaster\bootloader_f411_v1_1\visualgdb\debug\startup_stm32f411xe.dep
e:\vs_gdb\arm\testf411\miniflymaster\project\vs\miniflymaster\bootloader_f411_v1_1\visualgdb\debug\stm32f4xx_flash.dep
e:\vs_gdb\arm\testf411\miniflymaster\project\vs\miniflymaster\bootloader_f411_v1_1\visualgdb\debug\stm32f4xx_gpio.dep
e:\vs_gdb\arm\testf411\miniflymaster\project\vs\miniflymaster\bootloader_f411_v1_1\visualgdb\debug\stm32f4xx_it.dep
e:\vs_gdb\arm\testf411\miniflymaster\project\vs\miniflymaster\bootloader_f411_v1_1\visualgdb\debug\stm32f4xx_rcc.dep
e:\vs_gdb\arm\testf411\miniflymaster\project\vs\miniflymaster\bootloader_f411_v1_1\visualgdb\debug\stm32f4xx_usart.dep
e:\vs_gdb\arm\testf411\miniflymaster\project\vs\miniflymaster\bootloader_f411_v1_1\visualgdb\debug\stmflash.dep
e:\vs_gdb\arm\testf411\miniflymaster\project\vs\miniflymaster\bootloader_f411_v1_1\visualgdb\debug\sys.dep
e:\vs_gdb\arm\testf411\miniflymaster\project\vs\miniflymaster\bootloader_f411_v1_1\visualgdb\debug\system_stm32f4xx.dep
e:\vs_gdb\arm\testf411\miniflymaster\project\vs\miniflymaster\bootloader_f411_v1_1\visualgdb\debug\usbd_cdc_core.dep
e:\vs_gdb\arm\testf411\miniflymaster\project\vs\miniflymaster\bootloader_f411_v1_1\visualgdb\debug\usbd_cdc_vcp.dep
e:\vs_gdb\arm\testf411\miniflymaster\project\vs\miniflymaster\bootloader_f411_v1_1\visualgdb\debug\usbd_core.dep
e:\vs_gdb\arm\testf411\miniflymaster\project\vs\miniflymaster\bootloader_f411_v1_1\visualgdb\debug\usbd_desc.dep
e:\vs_gdb\arm\testf411\miniflymaster\project\vs\miniflymaster\bootloader_f411_v1_1\visualgdb\debug\usbd_ioreq.dep
e:\vs_gdb\arm\testf411\miniflymaster\project\vs\miniflymaster\bootloader_f411_v1_1\visualgdb\debug\usbd_req.dep
e:\vs_gdb\arm\testf411\miniflymaster\project\vs\miniflymaster\bootloader_f411_v1_1\visualgdb\debug\usbd_usr.dep
e:\vs_gdb\arm\testf411\miniflymaster\project\vs\miniflymaster\bootloader_f411_v1_1\visualgdb\debug\usb_bsp.dep
e:\vs_gdb\arm\testf411\miniflymaster\project\vs\miniflymaster\bootloader_f411_v1_1\visualgdb\debug\usb_core.dep
e:\vs_gdb\arm\testf411\miniflymaster\project\vs\miniflymaster\bootloader_f411_v1_1\visualgdb\debug\usb_dcd.dep
e:\vs_gdb\arm\testf411\miniflymaster\project\vs\miniflymaster\bootloader_f411_v1_1\visualgdb\debug\usb_dcd_int.dep
e:\vs_gdb\arm\testf411\miniflymaster\project\vs\miniflymaster\bootloader_f411_v1_1\visualgdb\debug\check.gcc.rsp
e:\vs_gdb\arm\testf411\miniflymaster\project\vs\miniflymaster\bootloader_f411_v1_1\visualgdb\debug\delay.gcc.rsp
e:\vs_gdb\arm\testf411\miniflymaster\project\vs\miniflymaster\bootloader_f411_v1_1\visualgdb\debug\iap.gcc.rsp
e:\vs_gdb\arm\testf411\miniflymaster\project\vs\miniflymaster\bootloader_f411_v1_1\visualgdb\debug\led.gcc.rsp
e:\vs_gdb\arm\testf411\miniflymaster\project\vs\miniflymaster\bootloader_f411_v1_1\visualgdb\debug\main.gcc.rsp
e:\vs_gdb\arm\testf411\miniflymaster\project\vs\miniflymaster\bootloader_f411_v1_1\visualgdb\debug\misc.gcc.rsp
e:\vs_gdb\arm\testf411\miniflymaster\project\vs\miniflymaster\bootloader_f411_v1_1\visualgdb\debug\protocol.gcc.rsp
e:\vs_gdb\arm\testf411\miniflymaster\project\vs\miniflymaster\bootloader_f411_v1_1\visualgdb\debug\startup_stm32f411xe.gcc.rsp
e:\vs_gdb\arm\testf411\miniflymaster\project\vs\miniflymaster\bootloader_f411_v1_1\visualgdb\debug\stm32f4xx_flash.gcc.rsp
e:\vs_gdb\arm\testf411\miniflymaster\project\vs\miniflymaster\bootloader_f411_v1_1\visualgdb\debug\stm32f4xx_gpio.gcc.rsp
e:\vs_gdb\arm\testf411\miniflymaster\project\vs\miniflymaster\bootloader_f411_v1_1\visualgdb\debug\stm32f4xx_it.gcc.rsp
e:\vs_gdb\arm\testf411\miniflymaster\project\vs\miniflymaster\bootloader_f411_v1_1\visualgdb\debug\stm32f4xx_rcc.gcc.rsp
e:\vs_gdb\arm\testf411\miniflymaster\project\vs\miniflymaster\bootloader_f411_v1_1\visualgdb\debug\stm32f4xx_usart.gcc.rsp
e:\vs_gdb\arm\testf411\miniflymaster\project\vs\miniflymaster\bootloader_f411_v1_1\visualgdb\debug\stmflash.gcc.rsp
e:\vs_gdb\arm\testf411\miniflymaster\project\vs\miniflymaster\bootloader_f411_v1_1\visualgdb\debug\sys.gcc.rsp
e:\vs_gdb\arm\testf411\miniflymaster\project\vs\miniflymaster\bootloader_f411_v1_1\visualgdb\debug\system_stm32f4xx.gcc.rsp
e:\vs_gdb\arm\testf411\miniflymaster\project\vs\miniflymaster\bootloader_f411_v1_1\visualgdb\debug\usbd_cdc_core.gcc.rsp
e:\vs_gdb\arm\testf411\miniflymaster\project\vs\miniflymaster\bootloader_f411_v1_1\visualgdb\debug\usbd_cdc_vcp.gcc.rsp
e:\vs_gdb\arm\testf411\miniflymaster\project\vs\miniflymaster\bootloader_f411_v1_1\visualgdb\debug\usbd_core.gcc.rsp
e:\vs_gdb\arm\testf411\miniflymaster\project\vs\miniflymaster\bootloader_f411_v1_1\visualgdb\debug\usbd_desc.gcc.rsp
e:\vs_gdb\arm\testf411\miniflymaster\project\vs\miniflymaster\bootloader_f411_v1_1\visualgdb\debug\usbd_ioreq.gcc.rsp
e:\vs_gdb\arm\testf411\miniflymaster\project\vs\miniflymaster\bootloader_f411_v1_1\visualgdb\debug\usbd_req.gcc.rsp
e:\vs_gdb\arm\testf411\miniflymaster\project\vs\miniflymaster\bootloader_f411_v1_1\visualgdb\debug\usbd_usr.gcc.rsp
e:\vs_gdb\arm\testf411\miniflymaster\project\vs\miniflymaster\bootloader_f411_v1_1\visualgdb\debug\usb_bsp.gcc.rsp
e:\vs_gdb\arm\testf411\miniflymaster\project\vs\miniflymaster\bootloader_f411_v1_1\visualgdb\debug\usb_core.gcc.rsp
e:\vs_gdb\arm\testf411\miniflymaster\project\vs\miniflymaster\bootloader_f411_v1_1\visualgdb\debug\usb_dcd.gcc.rsp
e:\vs_gdb\arm\testf411\miniflymaster\project\vs\miniflymaster\bootloader_f411_v1_1\visualgdb\debug\usb_dcd_int.gcc.rsp
e:\vs_gdb\arm\testf411\miniflymaster\project\vs\miniflymaster\bootloader_f411_v1_1\visualgdb\debug\bootloader_f411_v1_1.alldeps
